<?xml version="1.0" encoding="UTF-8"?>
<testng-results ignored="0" total="1" passed="1" failed="0" skipped="0">
  <reporter-output>
  </reporter-output>
  <suite started-at="2023-01-18T17:01:08 IST" name="Gradle suite" finished-at="2023-01-18T17:01:08 IST" duration-ms="253">
    <groups>
    </groups>
    <test started-at="2023-01-18T17:01:08 IST" name="Gradle test" finished-at="2023-01-18T17:01:08 IST" duration-ms="253">
      <class name="com.github.fge.jsonpatch.diff.UnchangedTest">
        <test-method signature="testCase1()[pri:0, instance:com.github.fge.jsonpatch.diff.UnchangedTest@88cb8b2]" started-at="2023-01-18T17:01:08 IST" name="testCase1" finished-at="2023-01-18T17:01:08 IST" duration-ms="147" status="PASS">
          <reporter-output>
          </reporter-output>
        </test-method> <!-- testCase1 -->
      </class> <!-- com.github.fge.jsonpatch.diff.UnchangedTest -->
    </test> <!-- Gradle test -->
  </suite> <!-- Gradle suite -->
</testng-results>
